[0804/175208.937:ERROR:registration_protocol_win.cc(131)] TransactNamedPipe: The pipe has been ended. (0x6D)
[0804/220303.545:ERROR:process_memory_win.cc(73)] ReadMemory at 0x7ff69ef20000 of 64 bytes failed: Only part of a ReadProcessMemory or WriteProcessMemory request was completed. (0x12B)
[0804/220303.593:WARNING:pe_image_reader.cc(340)] could not read dos header from C:\Program Files (x86)\Google\Chrome\Application\chrome.exe
[0804/220303.593:ERROR:process_memory_win.cc(73)] ReadMemory at 0x7ff8c0d80000 of 64 bytes failed: Only part of a ReadProcessMemory or WriteProcessMemory request was completed. (0x12B)
[0804/220303.593:WARNING:pe_image_reader.cc(340)] could not read dos header from C:\WINDOWS\SYSTEM32\ntdll.dll
[0804/220303.594:ERROR:process_memory_win.cc(73)] ReadMemory at 0x7ff8c0660000 of 64 bytes failed: Only part of a ReadProcessMemory or WriteProcessMemory request was completed. (0x12B)
[0804/220303.594:WARNING:pe_image_reader.cc(340)] could not read dos header from C:\WINDOWS\System32\KERNEL32.DLL
[0804/220303.594:ERROR:process_memory_win.cc(73)] ReadMemory at 0x7ff8bd260000 of 64 bytes failed: Only part of a ReadProcessMemory or WriteProcessMemory request was completed. (0x12B)
[0804/220303.594:WARNING:pe_image_reader.cc(340)] could not read dos header from C:\WINDOWS\System32\KERNELBASE.dll
[0804/220303.594:ERROR:process_memory_win.cc(73)] ReadMemory at 0x7ff89b1f0000 of 64 bytes failed: Only part of a ReadProcessMemory or WriteProcessMemory request was completed. (0x12B)
[0804/220303.594:WARNING:pe_image_reader.cc(340)] could not read dos header from C:\Program Files (x86)\Google\Chrome\Application\84.0.4147.105\chrome_elf.dll
[0804/220303.595:ERROR:process_memory_win.cc(73)] ReadMemory at 0x7ff8b4670000 of 64 bytes failed: Only part of a ReadProcessMemory or WriteProcessMemory request was completed. (0x12B)
[0804/220303.595:WARNING:pe_image_reader.cc(340)] could not read dos header from C:\WINDOWS\SYSTEM32\VERSION.dll
[0804/220303.595:ERROR:process_memory_win.cc(73)] ReadMemory at 0x7ff8bfbc0000 of 64 bytes failed: Only part of a ReadProcessMemory or WriteProcessMemory request was completed. (0x12B)
[0804/220303.595:WARNING:pe_image_reader.cc(340)] could not read dos header from C:\WINDOWS\System32\msvcrt.dll
[0804/220303.595:ERROR:process_memory_win.cc(73)] ReadMemory at 0x286f0ad0000 of 64 bytes failed: Only part of a ReadProcessMemory or WriteProcessMemory request was completed. (0x12B)
[0804/220303.595:WARNING:pe_image_reader.cc(340)] could not read dos header from C:\WINDOWS\System32\umppc10504.dll
[0804/220303.595:ERROR:process_memory_win.cc(73)] ReadMemory at 0x7ff8bcf30000 of 64 bytes failed: Only part of a ReadProcessMemory or WriteProcessMemory request was completed. (0x12B)
[0804/220303.595:WARNING:pe_image_reader.cc(340)] could not read dos header from C:\WINDOWS\System32\bcryptPrimitives.dll
[0804/220303.595:ERROR:process_memory_win.cc(73)] ReadMemory at 0x7ff8c0440000 of 64 bytes failed: Only part of a ReadProcessMemory or WriteProcessMemory request was completed. (0x12B)
[0804/220303.595:WARNING:pe_image_reader.cc(340)] could not read dos header from C:\WINDOWS\System32\ADVAPI32.dll
[0804/220303.595:ERROR:process_memory_win.cc(73)] ReadMemory at 0x7ff8bf9d0000 of 64 bytes failed: Only part of a ReadProcessMemory or WriteProcessMemory request was completed. (0x12B)
[0804/220303.595:WARNING:pe_image_reader.cc(340)] could not read dos header from C:\WINDOWS\System32\sechost.dll
[0804/220303.595:ERROR:process_memory_win.cc(73)] ReadMemory at 0x7ff8bfa90000 of 64 bytes failed: Only part of a ReadProcessMemory or WriteProcessMemory request was completed. (0x12B)
[0804/220303.595:WARNING:pe_image_reader.cc(340)] could not read dos header from C:\WINDOWS\System32\RPCRT4.dll
[0804/220303.595:ERROR:process_memory_win.cc(73)] ReadMemory at 0x7ff869dc0000 of 64 bytes failed: Only part of a ReadProcessMemory or WriteProcessMemory request was completed. (0x12B)
[0804/220303.595:WARNING:pe_image_reader.cc(340)] could not read dos header from C:\Program Files (x86)\Google\Chrome\Application\84.0.4147.105\chrome.dll
[0804/220303.596:ERROR:process_memory_win.cc(73)] ReadMemory at 0x7ff8c0bb0000 of 64 bytes failed: Only part of a ReadProcessMemory or WriteProcessMemory request was completed. (0x12B)
[0804/220303.596:WARNING:pe_image_reader.cc(340)] could not read dos header from C:\WINDOWS\System32\WS2_32.dll
[0804/220303.596:ERROR:process_memory_win.cc(73)] ReadMemory at 0x7ff8c0a30000 of 64 bytes failed: Only part of a ReadProcessMemory or WriteProcessMemory request was completed. (0x12B)
[0804/220303.596:WARNING:pe_image_reader.cc(340)] could not read dos header from C:\WINDOWS\System32\OLEAUT32.dll
[0804/220303.596:ERROR:process_memory_win.cc(73)] ReadMemory at 0x7ff8bd590000 of 64 bytes failed: Only part of a ReadProcessMemory or WriteProcessMemory request was completed. (0x12B)
[0804/220303.596:WARNING:pe_image_reader.cc(340)] could not read dos header from C:\WINDOWS\System32\msvcp_win.dll
[0804/220303.596:ERROR:process_memory_win.cc(73)] ReadMemory at 0x7ff8bce30000 of 64 bytes failed: Only part of a ReadProcessMemory or WriteProcessMemory request was completed. (0x12B)
[0804/220303.596:WARNING:pe_image_reader.cc(340)] could not read dos header from C:\WINDOWS\System32\ucrtbase.dll
[0804/220303.596:ERROR:process_memory_win.cc(73)] ReadMemory at 0x7ff8be1a0000 of 64 bytes failed: Only part of a ReadProcessMemory or WriteProcessMemory request was completed. (0x12B)
[0804/220303.596:WARNING:pe_image_reader.cc(340)] could not read dos header from C:\WINDOWS\System32\combase.dll
[0804/220303.596:ERROR:process_memory_win.cc(73)] ReadMemory at 0x7ff8bd500000 of 64 bytes failed: Only part of a ReadProcessMemory or WriteProcessMemory request was completed. (0x12B)
[0804/220303.596:WARNING:pe_image_reader.cc(340)] could not read dos header from C:\WINDOWS\System32\WINTRUST.dll
[0804/220303.596:ERROR:process_memory_win.cc(73)] ReadMemory at 0x7ff8bcdb0000 of 64 bytes failed: Only part of a ReadProcessMemory or WriteProcessMemory request was completed. (0x12B)
[0804/220303.596:WARNING:pe_image_reader.cc(340)] could not read dos header from C:\WINDOWS\System32\MSASN1.dll
[0804/220303.596:ERROR:process_memory_win.cc(73)] ReadMemory at 0x7ff8bd060000 of 64 bytes failed: Only part of a ReadProcessMemory or WriteProcessMemory request was completed. (0x12B)
[0804/220303.596:WARNING:pe_image_reader.cc(340)] could not read dos header from C:\WINDOWS\System32\CRYPT32.dll
[0804/220303.596:ERROR:process_memory_win.cc(73)] ReadMemory at 0x7ff8bc280000 of 64 bytes failed: Only part of a ReadProcessMemory or WriteProcessMemory request was completed. (0x12B)
[0804/220303.596:WARNING:pe_image_reader.cc(340)] could not read dos header from C:\WINDOWS\SYSTEM32\IPHLPAPI.DLL
[0804/220303.596:ERROR:process_memory_win.cc(73)] ReadMemory at 0x7ff8ba6f0000 of 64 bytes failed: Only part of a ReadProcessMemory or WriteProcessMemory request was completed. (0x12B)
[0804/220303.597:WARNING:pe_image_reader.cc(340)] could not read dos header from C:\WINDOWS\SYSTEM32\WINMM.dll
[0804/220303.597:ERROR:process_memory_win.cc(73)] ReadMemory at 0x7ff8bb980000 of 64 bytes failed: Only part of a ReadProcessMemory or WriteProcessMemory request was completed. (0x12B)
[0804/220303.597:WARNING:pe_image_reader.cc(340)] could not read dos header from C:\WINDOWS\SYSTEM32\Secur32.dll
[0804/220303.597:ERROR:process_memory_win.cc(73)] ReadMemory at 0x7ff8bcc50000 of 64 bytes failed: Only part of a ReadProcessMemory or WriteProcessMemory request was completed. (0x12B)
[0804/220303.597:WARNING:pe_image_reader.cc(340)] could not read dos header from C:\WINDOWS\SYSTEM32\USERENV.dll
[0804/220303.598:ERROR:process_memory_win.cc(73)] ReadMemory at 0x7ff8bcd80000 of 64 bytes failed: Only part of a ReadProcessMemory or WriteProcessMemory request was completed. (0x12B)
[0804/220303.598:WARNING:pe_image_reader.cc(340)] could not read dos header from C:\WINDOWS\System32\profapi.dll
[0804/220303.598:ERROR:process_memory_win.cc(73)] ReadMemory at 0x7ff888b30000 of 64 bytes failed: Only part of a ReadProcessMemory or WriteProcessMemory request was completed. (0x12B)
[0804/220303.598:WARNING:pe_image_reader.cc(340)] could not read dos header from C:\WINDOWS\SYSTEM32\UIAutomationCore.DLL
[0804/220303.598:ERROR:process_memory_win.cc(73)] ReadMemory at 0x7ff8aad20000 of 64 bytes failed: Only part of a ReadProcessMemory or WriteProcessMemory request was completed. (0x12B)
[0804/220303.598:WARNING:pe_image_reader.cc(340)] could not read dos header from C:\WINDOWS\SYSTEM32\DWrite.dll
[0804/220303.598:ERROR:process_memory_win.cc(73)] ReadMemory at 0x7ff8b6aa0000 of 64 bytes failed: Only part of a ReadProcessMemory or WriteProcessMemory request was completed. (0x12B)
[0804/220303.598:WARNING:pe_image_reader.cc(340)] could not read dos header from C:\WINDOWS\SYSTEM32\WINSPOOL.DRV
[0804/220303.598:ERROR:process_memory_win.cc(73)] ReadMemory at 0x7ff8bcd60000 of 64 bytes failed: Only part of a ReadProcessMemory or WriteProcessMemory request was completed. (0x12B)
[0804/220303.598:WARNING:pe_image_reader.cc(340)] could not read dos header from C:\WINDOWS\System32\kernel.appcore.dll
[0804/220303.598:ERROR:process_memory_win.cc(73)] ReadMemory at 0x7ff8bd560000 of 64 bytes failed: Only part of a ReadProcessMemory or WriteProcessMemory request was completed. (0x12B)
[0804/220303.598:WARNING:pe_image_reader.cc(340)] could not read dos header from C:\WINDOWS\System32\bcrypt.dll
[0804/220303.598:ERROR:process_memory_win.cc(73)] ReadMemory at 0x7ff8ae340000 of 64 bytes failed: Only part of a ReadProcessMemory or WriteProcessMemory request was completed. (0x12B)
[0804/220303.598:WARNING:pe_image_reader.cc(340)] could not read dos header from C:\WINDOWS\SYSTEM32\dbghelp.dll
[0804/220303.598:ERROR:process_memory_win.cc(73)] ReadMemory at 0x7ff8b8300000 of 64 bytes failed: Only part of a ReadProcessMemory or WriteProcessMemory request was completed. (0x12B)
[0804/220303.598:WARNING:pe_image_reader.cc(340)] could not read dos header from C:\WINDOWS\SYSTEM32\WINHTTP.dll
[0804/220303.598:ERROR:process_memory_win.cc(73)] ReadMemory at 0x7ff8b7fa0000 of 64 bytes failed: Only part of a ReadProcessMemory or WriteProcessMemory request was completed. (0x12B)
[0804/220303.598:WARNING:pe_image_reader.cc(340)] could not read dos header from C:\WINDOWS\SYSTEM32\dhcpcsvc.DLL
[0804/220303.598:ERROR:process_memory_win.cc(73)] ReadMemory at 0x7ff8c03f0000 of 64 bytes failed: Only part of a ReadProcessMemory or WriteProcessMemory request was completed. (0x12B)
[0804/220303.598:WARNING:pe_image_reader.cc(340)] could not read dos header from C:\WINDOWS\System32\NSI.dll
[0804/220303.598:ERROR:process_memory_win.cc(73)] ReadMemory at 0x7ff8ba6c0000 of 64 bytes failed: Only part of a ReadProcessMemory or WriteProcessMemory request was completed. (0x12B)
[0804/220303.598:WARNING:pe_image_reader.cc(340)] could not read dos header from C:\WINDOWS\SYSTEM32\WINMMBASE.dll
[0804/220303.598:ERROR:process_memory_win.cc(73)] ReadMemory at 0x7ff8bdd90000 of 64 bytes failed: Only part of a ReadProcessMemory or WriteProcessMemory request was completed. (0x12B)
[0804/220303.598:WARNING:pe_image_reader.cc(340)] could not read dos header from C:\WINDOWS\System32\cfgmgr32.dll
[0804/220303.598:ERROR:process_memory_win.cc(73)] ReadMemory at 0x7ff8aec70000 of 64 bytes failed: Only part of a ReadProcessMemory or WriteProcessMemory request was completed. (0x12B)
[0804/220303.598:WARNING:pe_image_reader.cc(340)] could not read dos header from C:\WINDOWS\SYSTEM32\Bcp47Langs.dll
[0804/220303.598:ERROR:process_memory_win.cc(73)] ReadMemory at 0x7ff8b80b0000 of 64 bytes failed: Only part of a ReadProcessMemory or WriteProcessMemory request was completed. (0x12B)
[0804/220303.598:WARNING:pe_image_reader.cc(340)] could not read dos header from C:\WINDOWS\SYSTEM32\PROPSYS.dll
[0804/220303.598:ERROR:process_memory_win.cc(73)] ReadMemory at 0x7ff8c0ca0000 of 64 bytes failed: Only part of a ReadProcessMemory or WriteProcessMemory request was completed. (0x12B)
[0804/220303.599:WARNING:pe_image_reader.cc(340)] could not read dos header from C:\WINDOWS\System32\shcore.dll
[0804/220303.599:ERROR:process_memory_win.cc(73)] ReadMemory at 0x7ff8bcc80000 of 64 bytes failed: Only part of a ReadProcessMemory or WriteProcessMemory request was completed. (0x12B)
[0804/220303.599:WARNING:pe_image_reader.cc(340)] could not read dos header from C:\WINDOWS\SYSTEM32\SSPICLI.DLL
[0804/220303.599:ERROR:process_memory_win.cc(73)] ReadMemory at 0x7ff8bc730000 of 64 bytes failed: Only part of a ReadProcessMemory or WriteProcessMemory request was completed. (0x12B)
[0804/220303.599:WARNING:pe_image_reader.cc(340)] could not read dos header from C:\WINDOWS\SYSTEM32\CRYPTBASE.DLL
[0804/220303.602:ERROR:process_memory_win.cc(73)] ReadMemory at 0x7ff69ef20000 of 64 bytes failed: Only part of a ReadProcessMemory or WriteProcessMemory request was completed. (0x12B)
[0804/220303.603:WARNING:pe_image_reader.cc(340)] could not read dos header from C:\Program Files (x86)\Google\Chrome\Application\chrome.exe
[0804/220303.603:ERROR:process_memory_win.cc(73)] ReadMemory at 0x7ff8c0d80000 of 64 bytes failed: Only part of a ReadProcessMemory or WriteProcessMemory request was completed. (0x12B)
[0804/220303.603:WARNING:pe_image_reader.cc(340)] could not read dos header from C:\WINDOWS\SYSTEM32\ntdll.dll
[0804/220303.603:ERROR:process_memory_win.cc(73)] ReadMemory at 0x7ff8c0660000 of 64 bytes failed: Only part of a ReadProcessMemory or WriteProcessMemory request was completed. (0x12B)
[0804/220303.603:WARNING:pe_image_reader.cc(340)] could not read dos header from C:\WINDOWS\System32\KERNEL32.DLL
[0804/220303.603:ERROR:process_memory_win.cc(73)] ReadMemory at 0x7ff8bd260000 of 64 bytes failed: Only part of a ReadProcessMemory or WriteProcessMemory request was completed. (0x12B)
[0804/220303.603:WARNING:pe_image_reader.cc(340)] could not read dos header from C:\WINDOWS\System32\KERNELBASE.dll
[0804/220303.603:ERROR:process_memory_win.cc(73)] ReadMemory at 0x7ff89b1f0000 of 64 bytes failed: Only part of a ReadProcessMemory or WriteProcessMemory request was completed. (0x12B)
[0804/220303.603:WARNING:pe_image_reader.cc(340)] could not read dos header from C:\Program Files (x86)\Google\Chrome\Application\84.0.4147.105\chrome_elf.dll
[0804/220303.603:ERROR:process_memory_win.cc(73)] ReadMemory at 0x7ff8b4670000 of 64 bytes failed: Only part of a ReadProcessMemory or WriteProcessMemory request was completed. (0x12B)
[0804/220303.603:WARNING:pe_image_reader.cc(340)] could not read dos header from C:\WINDOWS\SYSTEM32\VERSION.dll
[0804/220303.603:ERROR:process_memory_win.cc(73)] ReadMemory at 0x7ff8bfbc0000 of 64 bytes failed: Only part of a ReadProcessMemory or WriteProcessMemory request was completed. (0x12B)
[0804/220303.603:WARNING:pe_image_reader.cc(340)] could not read dos header from C:\WINDOWS\System32\msvcrt.dll
[0804/220303.603:ERROR:process_memory_win.cc(73)] ReadMemory at 0x286f0ad0000 of 64 bytes failed: Only part of a ReadProcessMemory or WriteProcessMemory request was completed. (0x12B)
[0804/220303.603:WARNING:pe_image_reader.cc(340)] could not read dos header from C:\WINDOWS\System32\umppc10504.dll
[0804/220303.603:ERROR:process_memory_win.cc(73)] ReadMemory at 0x7ff8bcf30000 of 64 bytes failed: Only part of a ReadProcessMemory or WriteProcessMemory request was completed. (0x12B)
[0804/220303.603:WARNING:pe_image_reader.cc(340)] could not read dos header from C:\WINDOWS\System32\bcryptPrimitives.dll
[0804/220303.604:ERROR:process_memory_win.cc(73)] ReadMemory at 0x7ff8c0440000 of 64 bytes failed: Only part of a ReadProcessMemory or WriteProcessMemory request was completed. (0x12B)
[0804/220303.604:WARNING:pe_image_reader.cc(340)] could not read dos header from C:\WINDOWS\System32\ADVAPI32.dll
[0804/220303.604:ERROR:process_memory_win.cc(73)] ReadMemory at 0x7ff8bf9d0000 of 64 bytes failed: Only part of a ReadProcessMemory or WriteProcessMemory request was completed. (0x12B)
[0804/220303.604:WARNING:pe_image_reader.cc(340)] could not read dos header from C:\WINDOWS\System32\sechost.dll
[0804/220303.604:ERROR:process_memory_win.cc(73)] ReadMemory at 0x7ff8bfa90000 of 64 bytes failed: Only part of a ReadProcessMemory or WriteProcessMemory request was completed. (0x12B)
[0804/220303.604:WARNING:pe_image_reader.cc(340)] could not read dos header from C:\WINDOWS\System32\RPCRT4.dll
[0804/220303.604:ERROR:process_memory_win.cc(73)] ReadMemory at 0x7ff869dc0000 of 64 bytes failed: Only part of a ReadProcessMemory or WriteProcessMemory request was completed. (0x12B)
[0804/220303.604:WARNING:pe_image_reader.cc(340)] could not read dos header from C:\Program Files (x86)\Google\Chrome\Application\84.0.4147.105\chrome.dll
[0804/220303.604:ERROR:process_memory_win.cc(73)] ReadMemory at 0x7ff8c0bb0000 of 64 bytes failed: Only part of a ReadProcessMemory or WriteProcessMemory request was completed. (0x12B)
[0804/220303.605:WARNING:pe_image_reader.cc(340)] could not read dos header from C:\WINDOWS\System32\WS2_32.dll
[0804/220303.605:ERROR:process_memory_win.cc(73)] ReadMemory at 0x7ff8c0a30000 of 64 bytes failed: Only part of a ReadProcessMemory or WriteProcessMemory request was completed. (0x12B)
[0804/220303.605:WARNING:pe_image_reader.cc(340)] could not read dos header from C:\WINDOWS\System32\OLEAUT32.dll
[0804/220303.605:ERROR:process_memory_win.cc(73)] ReadMemory at 0x7ff8bd590000 of 64 bytes failed: Only part of a ReadProcessMemory or WriteProcessMemory request was completed. (0x12B)
[0804/220303.605:WARNING:pe_image_reader.cc(340)] could not read dos header from C:\WINDOWS\System32\msvcp_win.dll
[0804/220303.605:ERROR:process_memory_win.cc(73)] ReadMemory at 0x7ff8bce30000 of 64 bytes failed: Only part of a ReadProcessMemory or WriteProcessMemory request was completed. (0x12B)
[0804/220303.605:WARNING:pe_image_reader.cc(340)] could not read dos header from C:\WINDOWS\System32\ucrtbase.dll
[0804/220303.605:ERROR:process_memory_win.cc(73)] ReadMemory at 0x7ff8be1a0000 of 64 bytes failed: Only part of a ReadProcessMemory or WriteProcessMemory request was completed. (0x12B)
[0804/220303.605:WARNING:pe_image_reader.cc(340)] could not read dos header from C:\WINDOWS\System32\combase.dll
[0804/220303.605:ERROR:process_memory_win.cc(73)] ReadMemory at 0x7ff8bd500000 of 64 bytes failed: Only part of a ReadProcessMemory or WriteProcessMemory request was completed. (0x12B)
[0804/220303.605:WARNING:pe_image_reader.cc(340)] could not read dos header from C:\WINDOWS\System32\WINTRUST.dll
[0804/220303.605:ERROR:process_memory_win.cc(73)] ReadMemory at 0x7ff8bcdb0000 of 64 bytes failed: Only part of a ReadProcessMemory or WriteProcessMemory request was completed. (0x12B)
[0804/220303.605:WARNING:pe_image_reader.cc(340)] could not read dos header from C:\WINDOWS\System32\MSASN1.dll
[0804/220303.605:ERROR:process_memory_win.cc(73)] ReadMemory at 0x7ff8bd060000 of 64 bytes failed: Only part of a ReadProcessMemory or WriteProcessMemory request was completed. (0x12B)
[0804/220303.605:WARNING:pe_image_reader.cc(340)] could not read dos header from C:\WINDOWS\System32\CRYPT32.dll
[0804/220303.605:ERROR:process_memory_win.cc(73)] ReadMemory at 0x7ff8bc280000 of 64 bytes failed: Only part of a ReadProcessMemory or WriteProcessMemory request was completed. (0x12B)
[0804/220303.605:WARNING:pe_image_reader.cc(340)] could not read dos header from C:\WINDOWS\SYSTEM32\IPHLPAPI.DLL
[0804/220303.606:ERROR:process_memory_win.cc(73)] ReadMemory at 0x7ff8ba6f0000 of 64 bytes failed: Only part of a ReadProcessMemory or WriteProcessMemory request was completed. (0x12B)
[0804/220303.606:WARNING:pe_image_reader.cc(340)] could not read dos header from C:\WINDOWS\SYSTEM32\WINMM.dll
[0804/220303.606:ERROR:process_memory_win.cc(73)] ReadMemory at 0x7ff8bb980000 of 64 bytes failed: Only part of a ReadProcessMemory or WriteProcessMemory request was completed. (0x12B)
[0804/220303.606:WARNING:pe_image_reader.cc(340)] could not read dos header from C:\WINDOWS\SYSTEM32\Secur32.dll
[0804/220303.606:ERROR:process_memory_win.cc(73)] ReadMemory at 0x7ff8bcc50000 of 64 bytes failed: Only part of a ReadProcessMemory or WriteProcessMemory request was completed. (0x12B)
[0804/220303.606:WARNING:pe_image_reader.cc(340)] could not read dos header from C:\WINDOWS\SYSTEM32\USERENV.dll
[0804/220303.606:ERROR:process_memory_win.cc(73)] ReadMemory at 0x7ff8bcd80000 of 64 bytes failed: Only part of a ReadProcessMemory or WriteProcessMemory request was completed. (0x12B)
[0804/220303.606:WARNING:pe_image_reader.cc(340)] could not read dos header from C:\WINDOWS\System32\profapi.dll
[0804/220303.606:ERROR:process_memory_win.cc(73)] ReadMemory at 0x7ff888b30000 of 64 bytes failed: Only part of a ReadProcessMemory or WriteProcessMemory request was completed. (0x12B)
[0804/220303.606:WARNING:pe_image_reader.cc(340)] could not read dos header from C:\WINDOWS\SYSTEM32\UIAutomationCore.DLL
[0804/220303.607:ERROR:process_memory_win.cc(73)] ReadMemory at 0x7ff8aad20000 of 64 bytes failed: Only part of a ReadProcessMemory or WriteProcessMemory request was completed. (0x12B)
[0804/220303.607:WARNING:pe_image_reader.cc(340)] could not read dos header from C:\WINDOWS\SYSTEM32\DWrite.dll
[0804/220303.607:ERROR:process_memory_win.cc(73)] ReadMemory at 0x7ff8b6aa0000 of 64 bytes failed: Only part of a ReadProcessMemory or WriteProcessMemory request was completed. (0x12B)
[0804/220303.607:WARNING:pe_image_reader.cc(340)] could not read dos header from C:\WINDOWS\SYSTEM32\WINSPOOL.DRV
[0804/220303.607:ERROR:process_memory_win.cc(73)] ReadMemory at 0x7ff8bcd60000 of 64 bytes failed: Only part of a ReadProcessMemory or WriteProcessMemory request was completed. (0x12B)
[0804/220303.607:WARNING:pe_image_reader.cc(340)] could not read dos header from C:\WINDOWS\System32\kernel.appcore.dll
[0804/220303.607:ERROR:process_memory_win.cc(73)] ReadMemory at 0x7ff8bd560000 of 64 bytes failed: Only part of a ReadProcessMemory or WriteProcessMemory request was completed. (0x12B)
[0804/220303.607:WARNING:pe_image_reader.cc(340)] could not read dos header from C:\WINDOWS\System32\bcrypt.dll
[0804/220303.607:ERROR:process_memory_win.cc(73)] ReadMemory at 0x7ff8ae340000 of 64 bytes failed: Only part of a ReadProcessMemory or WriteProcessMemory request was completed. (0x12B)
[0804/220303.607:WARNING:pe_image_reader.cc(340)] could not read dos header from C:\WINDOWS\SYSTEM32\dbghelp.dll
[0804/220303.607:ERROR:process_memory_win.cc(73)] ReadMemory at 0x7ff8b8300000 of 64 bytes failed: Only part of a ReadProcessMemory or WriteProcessMemory request was completed. (0x12B)
[0804/220303.607:WARNING:pe_image_reader.cc(340)] could not read dos header from C:\WINDOWS\SYSTEM32\WINHTTP.dll
[0804/220303.607:ERROR:process_memory_win.cc(73)] ReadMemory at 0x7ff8b7fa0000 of 64 bytes failed: Only part of a ReadProcessMemory or WriteProcessMemory request was completed. (0x12B)
[0804/220303.607:WARNING:pe_image_reader.cc(340)] could not read dos header from C:\WINDOWS\SYSTEM32\dhcpcsvc.DLL
[0804/220303.607:ERROR:process_memory_win.cc(73)] ReadMemory at 0x7ff8c03f0000 of 64 bytes failed: Only part of a ReadProcessMemory or WriteProcessMemory request was completed. (0x12B)
[0804/220303.607:WARNING:pe_image_reader.cc(340)] could not read dos header from C:\WINDOWS\System32\NSI.dll
[0804/220303.607:ERROR:process_memory_win.cc(73)] ReadMemory at 0x7ff8ba6c0000 of 64 bytes failed: Only part of a ReadProcessMemory or WriteProcessMemory request was completed. (0x12B)
[0804/220303.607:WARNING:pe_image_reader.cc(340)] could not read dos header from C:\WINDOWS\SYSTEM32\WINMMBASE.dll
[0804/220303.607:ERROR:process_memory_win.cc(73)] ReadMemory at 0x7ff8bdd90000 of 64 bytes failed: Only part of a ReadProcessMemory or WriteProcessMemory request was completed. (0x12B)
[0804/220303.607:WARNING:pe_image_reader.cc(340)] could not read dos header from C:\WINDOWS\System32\cfgmgr32.dll
[0804/220303.608:ERROR:process_memory_win.cc(73)] ReadMemory at 0x7ff8aec70000 of 64 bytes failed: Only part of a ReadProcessMemory or WriteProcessMemory request was completed. (0x12B)
[0804/220303.608:WARNING:pe_image_reader.cc(340)] could not read dos header from C:\WINDOWS\SYSTEM32\Bcp47Langs.dll
[0804/220303.608:ERROR:process_memory_win.cc(73)] ReadMemory at 0x7ff8b80b0000 of 64 bytes failed: Only part of a ReadProcessMemory or WriteProcessMemory request was completed. (0x12B)
[0804/220303.608:WARNING:pe_image_reader.cc(340)] could not read dos header from C:\WINDOWS\SYSTEM32\PROPSYS.dll
[0804/220303.608:ERROR:process_memory_win.cc(73)] ReadMemory at 0x7ff8c0ca0000 of 64 bytes failed: Only part of a ReadProcessMemory or WriteProcessMemory request was completed. (0x12B)
[0804/220303.608:WARNING:pe_image_reader.cc(340)] could not read dos header from C:\WINDOWS\System32\shcore.dll
[0804/220303.608:ERROR:process_memory_win.cc(73)] ReadMemory at 0x7ff8bcc80000 of 64 bytes failed: Only part of a ReadProcessMemory or WriteProcessMemory request was completed. (0x12B)
[0804/220303.608:WARNING:pe_image_reader.cc(340)] could not read dos header from C:\WINDOWS\SYSTEM32\SSPICLI.DLL
[0804/220303.608:ERROR:process_memory_win.cc(73)] ReadMemory at 0x7ff8bc730000 of 64 bytes failed: Only part of a ReadProcessMemory or WriteProcessMemory request was completed. (0x12B)
[0804/220303.608:WARNING:pe_image_reader.cc(340)] could not read dos header from C:\WINDOWS\SYSTEM32\CRYPTBASE.DLL
[0804/220303.608:ERROR:process_memory_win.cc(73)] ReadMemory at 0x7ff69ef20000 of 64 bytes failed: Only part of a ReadProcessMemory or WriteProcessMemory request was completed. (0x12B)
[0804/220303.608:WARNING:pe_image_reader.cc(340)] could not read dos header from C:\Program Files (x86)\Google\Chrome\Application\chrome.exe
[0804/220303.608:ERROR:process_memory_win.cc(73)] ReadMemory at 0x7ff8c0d80000 of 64 bytes failed: Only part of a ReadProcessMemory or WriteProcessMemory request was completed. (0x12B)
[0804/220303.608:WARNING:pe_image_reader.cc(340)] could not read dos header from C:\WINDOWS\SYSTEM32\ntdll.dll
[0804/220303.608:ERROR:process_memory_win.cc(73)] ReadMemory at 0x7ff8c0660000 of 64 bytes failed: Only part of a ReadProcessMemory or WriteProcessMemory request was completed. (0x12B)
[0804/220303.608:WARNING:pe_image_reader.cc(340)] could not read dos header from C:\WINDOWS\System32\KERNEL32.DLL
[0804/220303.609:ERROR:process_memory_win.cc(73)] ReadMemory at 0x7ff8bd260000 of 64 bytes failed: Only part of a ReadProcessMemory or WriteProcessMemory request was completed. (0x12B)
[0804/220303.609:WARNING:pe_image_reader.cc(340)] could not read dos header from C:\WINDOWS\System32\KERNELBASE.dll
[0804/220303.609:ERROR:process_memory_win.cc(73)] ReadMemory at 0x7ff89b1f0000 of 64 bytes failed: Only part of a ReadProcessMemory or WriteProcessMemory request was completed. (0x12B)
[0804/220303.609:WARNING:pe_image_reader.cc(340)] could not read dos header from C:\Program Files (x86)\Google\Chrome\Application\84.0.4147.105\chrome_elf.dll
[0804/220303.609:ERROR:process_memory_win.cc(73)] ReadMemory at 0x7ff8b4670000 of 64 bytes failed: Only part of a ReadProcessMemory or WriteProcessMemory request was completed. (0x12B)
[0804/220303.610:WARNING:pe_image_reader.cc(340)] could not read dos header from C:\WINDOWS\SYSTEM32\VERSION.dll
[0804/220303.610:ERROR:process_memory_win.cc(73)] ReadMemory at 0x7ff8bfbc0000 of 64 bytes failed: Only part of a ReadProcessMemory or WriteProcessMemory request was completed. (0x12B)
[0804/220303.610:WARNING:pe_image_reader.cc(340)] could not read dos header from C:\WINDOWS\System32\msvcrt.dll
[0804/220303.610:ERROR:process_memory_win.cc(73)] ReadMemory at 0x286f0ad0000 of 64 bytes failed: Only part of a ReadProcessMemory or WriteProcessMemory request was completed. (0x12B)
[0804/220303.610:WARNING:pe_image_reader.cc(340)] could not read dos header from C:\WINDOWS\System32\umppc10504.dll
[0804/220303.610:ERROR:process_memory_win.cc(73)] ReadMemory at 0x7ff8bcf30000 of 64 bytes failed: Only part of a ReadProcessMemory or WriteProcessMemory request was completed. (0x12B)
[0804/220303.610:WARNING:pe_image_reader.cc(340)] could not read dos header from C:\WINDOWS\System32\bcryptPrimitives.dll
[0804/220303.610:ERROR:process_memory_win.cc(73)] ReadMemory at 0x7ff8c0440000 of 64 bytes failed: Only part of a ReadProcessMemory or WriteProcessMemory request was completed. (0x12B)
[0804/220303.610:WARNING:pe_image_reader.cc(340)] could not read dos header from C:\WINDOWS\System32\ADVAPI32.dll
[0804/220303.610:ERROR:process_memory_win.cc(73)] ReadMemory at 0x7ff8bf9d0000 of 64 bytes failed: Only part of a ReadProcessMemory or WriteProcessMemory request was completed. (0x12B)
[0804/220303.610:WARNING:pe_image_reader.cc(340)] could not read dos header from C:\WINDOWS\System32\sechost.dll
[0804/220303.610:ERROR:process_memory_win.cc(73)] ReadMemory at 0x7ff8bfa90000 of 64 bytes failed: Only part of a ReadProcessMemory or WriteProcessMemory request was completed. (0x12B)
[0804/220303.610:WARNING:pe_image_reader.cc(340)] could not read dos header from C:\WINDOWS\System32\RPCRT4.dll
[0804/220303.610:ERROR:process_memory_win.cc(73)] ReadMemory at 0x7ff869dc0000 of 64 bytes failed: Only part of a ReadProcessMemory or WriteProcessMemory request was completed. (0x12B)
[0804/220303.610:WARNING:pe_image_reader.cc(340)] could not read dos header from C:\Program Files (x86)\Google\Chrome\Application\84.0.4147.105\chrome.dll
[0804/220303.610:ERROR:process_memory_win.cc(73)] ReadMemory at 0x7ff8c0bb0000 of 64 bytes failed: Only part of a ReadProcessMemory or WriteProcessMemory request was completed. (0x12B)
[0804/220303.610:WARNING:pe_image_reader.cc(340)] could not read dos header from C:\WINDOWS\System32\WS2_32.dll
[0804/220303.611:ERROR:process_memory_win.cc(73)] ReadMemory at 0x7ff8c0a30000 of 64 bytes failed: Only part of a ReadProcessMemory or WriteProcessMemory request was completed. (0x12B)
[0804/220303.611:WARNING:pe_image_reader.cc(340)] could not read dos header from C:\WINDOWS\System32\OLEAUT32.dll
[0804/220303.611:ERROR:process_memory_win.cc(73)] ReadMemory at 0x7ff8bd590000 of 64 bytes failed: Only part of a ReadProcessMemory or WriteProcessMemory request was completed. (0x12B)
[0804/220303.611:WARNING:pe_image_reader.cc(340)] could not read dos header from C:\WINDOWS\System32\msvcp_win.dll
[0804/220303.611:ERROR:process_memory_win.cc(73)] ReadMemory at 0x7ff8bce30000 of 64 bytes failed: Only part of a ReadProcessMemory or WriteProcessMemory request was completed. (0x12B)
[0804/220303.611:WARNING:pe_image_reader.cc(340)] could not read dos header from C:\WINDOWS\System32\ucrtbase.dll
[0804/220303.611:ERROR:process_memory_win.cc(73)] ReadMemory at 0x7ff8be1a0000 of 64 bytes failed: Only part of a ReadProcessMemory or WriteProcessMemory request was completed. (0x12B)
[0804/220303.611:WARNING:pe_image_reader.cc(340)] could not read dos header from C:\WINDOWS\System32\combase.dll
[0804/220303.611:ERROR:process_memory_win.cc(73)] ReadMemory at 0x7ff8bd500000 of 64 bytes failed: Only part of a ReadProcessMemory or WriteProcessMemory request was completed. (0x12B)
[0804/220303.611:WARNING:pe_image_reader.cc(340)] could not read dos header from C:\WINDOWS\System32\WINTRUST.dll
[0804/220303.611:ERROR:process_memory_win.cc(73)] ReadMemory at 0x7ff8bcdb0000 of 64 bytes failed: Only part of a ReadProcessMemory or WriteProcessMemory request was completed. (0x12B)
[0804/220303.611:WARNING:pe_image_reader.cc(340)] could not read dos header from C:\WINDOWS\System32\MSASN1.dll
[0804/220303.611:ERROR:process_memory_win.cc(73)] ReadMemory at 0x7ff8bd060000 of 64 bytes failed: Only part of a ReadProcessMemory or WriteProcessMemory request was completed. (0x12B)
[0804/220303.611:WARNING:pe_image_reader.cc(340)] could not read dos header from C:\WINDOWS\System32\CRYPT32.dll
[0804/220303.611:ERROR:process_memory_win.cc(73)] ReadMemory at 0x7ff8bc280000 of 64 bytes failed: Only part of a ReadProcessMemory or WriteProcessMemory request was completed. (0x12B)
[0804/220303.611:WARNING:pe_image_reader.cc(340)] could not read dos header from C:\WINDOWS\SYSTEM32\IPHLPAPI.DLL
[0804/220303.611:ERROR:process_memory_win.cc(73)] ReadMemory at 0x7ff8ba6f0000 of 64 bytes failed: Only part of a ReadProcessMemory or WriteProcessMemory request was completed. (0x12B)
[0804/220303.611:WARNING:pe_image_reader.cc(340)] could not read dos header from C:\WINDOWS\SYSTEM32\WINMM.dll
[0804/220303.612:ERROR:process_memory_win.cc(73)] ReadMemory at 0x7ff8bb980000 of 64 bytes failed: Only part of a ReadProcessMemory or WriteProcessMemory request was completed. (0x12B)
[0804/220303.612:WARNING:pe_image_reader.cc(340)] could not read dos header from C:\WINDOWS\SYSTEM32\Secur32.dll
[0804/220303.612:ERROR:process_memory_win.cc(73)] ReadMemory at 0x7ff8bcc50000 of 64 bytes failed: Only part of a ReadProcessMemory or WriteProcessMemory request was completed. (0x12B)
[0804/220303.613:WARNING:pe_image_reader.cc(340)] could not read dos header from C:\WINDOWS\SYSTEM32\USERENV.dll
[0804/220303.613:ERROR:process_memory_win.cc(73)] ReadMemory at 0x7ff8bcd80000 of 64 bytes failed: Only part of a ReadProcessMemory or WriteProcessMemory request was completed. (0x12B)
[0804/220303.613:WARNING:pe_image_reader.cc(340)] could not read dos header from C:\WINDOWS\System32\profapi.dll
[0804/220303.613:ERROR:process_memory_win.cc(73)] ReadMemory at 0x7ff888b30000 of 64 bytes failed: Only part of a ReadProcessMemory or WriteProcessMemory request was completed. (0x12B)
[0804/220303.613:WARNING:pe_image_reader.cc(340)] could not read dos header from C:\WINDOWS\SYSTEM32\UIAutomationCore.DLL
[0804/220303.613:ERROR:process_memory_win.cc(73)] ReadMemory at 0x7ff8aad20000 of 64 bytes failed: Only part of a ReadProcessMemory or WriteProcessMemory request was completed. (0x12B)
[0804/220303.613:WARNING:pe_image_reader.cc(340)] could not read dos header from C:\WINDOWS\SYSTEM32\DWrite.dll
[0804/220303.613:ERROR:process_memory_win.cc(73)] ReadMemory at 0x7ff8b6aa0000 of 64 bytes failed: Only part of a ReadProcessMemory or WriteProcessMemory request was completed. (0x12B)
[0804/220303.613:WARNING:pe_image_reader.cc(340)] could not read dos header from C:\WINDOWS\SYSTEM32\WINSPOOL.DRV
[0804/220303.613:ERROR:process_memory_win.cc(73)] ReadMemory at 0x7ff8bcd60000 of 64 bytes failed: Only part of a ReadProcessMemory or WriteProcessMemory request was completed. (0x12B)
[0804/220303.613:WARNING:pe_image_reader.cc(340)] could not read dos header from C:\WINDOWS\System32\kernel.appcore.dll
[0804/220303.614:ERROR:process_memory_win.cc(73)] ReadMemory at 0x7ff8bd560000 of 64 bytes failed: Only part of a ReadProcessMemory or WriteProcessMemory request was completed. (0x12B)
[0804/220303.614:WARNING:pe_image_reader.cc(340)] could not read dos header from C:\WINDOWS\System32\bcrypt.dll
[0804/220303.614:ERROR:process_memory_win.cc(73)] ReadMemory at 0x7ff8ae340000 of 64 bytes failed: Only part of a ReadProcessMemory or WriteProcessMemory request was completed. (0x12B)
[0804/220303.614:WARNING:pe_image_reader.cc(340)] could not read dos header from C:\WINDOWS\SYSTEM32\dbghelp.dll
[0804/220303.614:ERROR:process_memory_win.cc(73)] ReadMemory at 0x7ff8b8300000 of 64 bytes failed: Only part of a ReadProcessMemory or WriteProcessMemory request was completed. (0x12B)
[0804/220303.614:WARNING:pe_image_reader.cc(340)] could not read dos header from C:\WINDOWS\SYSTEM32\WINHTTP.dll
[0804/220303.614:ERROR:process_memory_win.cc(73)] ReadMemory at 0x7ff8b7fa0000 of 64 bytes failed: Only part of a ReadProcessMemory or WriteProcessMemory request was completed. (0x12B)
[0804/220303.614:WARNING:pe_image_reader.cc(340)] could not read dos header from C:\WINDOWS\SYSTEM32\dhcpcsvc.DLL
[0804/220303.614:ERROR:process_memory_win.cc(73)] ReadMemory at 0x7ff8c03f0000 of 64 bytes failed: Only part of a ReadProcessMemory or WriteProcessMemory request was completed. (0x12B)
[0804/220303.614:WARNING:pe_image_reader.cc(340)] could not read dos header from C:\WINDOWS\System32\NSI.dll
[0804/220303.615:ERROR:process_memory_win.cc(73)] ReadMemory at 0x7ff8ba6c0000 of 64 bytes failed: Only part of a ReadProcessMemory or WriteProcessMemory request was completed. (0x12B)
[0804/220303.615:WARNING:pe_image_reader.cc(340)] could not read dos header from C:\WINDOWS\SYSTEM32\WINMMBASE.dll
[0804/220303.615:ERROR:process_memory_win.cc(73)] ReadMemory at 0x7ff8bdd90000 of 64 bytes failed: Only part of a ReadProcessMemory or WriteProcessMemory request was completed. (0x12B)
[0804/220303.615:WARNING:pe_image_reader.cc(340)] could not read dos header from C:\WINDOWS\System32\cfgmgr32.dll
[0804/220303.615:ERROR:process_memory_win.cc(73)] ReadMemory at 0x7ff8aec70000 of 64 bytes failed: Only part of a ReadProcessMemory or WriteProcessMemory request was completed. (0x12B)
[0804/220303.615:WARNING:pe_image_reader.cc(340)] could not read dos header from C:\WINDOWS\SYSTEM32\Bcp47Langs.dll
[0804/220303.615:ERROR:process_memory_win.cc(73)] ReadMemory at 0x7ff8b80b0000 of 64 bytes failed: Only part of a ReadProcessMemory or WriteProcessMemory request was completed. (0x12B)
[0804/220303.615:WARNING:pe_image_reader.cc(340)] could not read dos header from C:\WINDOWS\SYSTEM32\PROPSYS.dll
[0804/220303.615:ERROR:process_memory_win.cc(73)] ReadMemory at 0x7ff8c0ca0000 of 64 bytes failed: Only part of a ReadProcessMemory or WriteProcessMemory request was completed. (0x12B)
[0804/220303.616:WARNING:pe_image_reader.cc(340)] could not read dos header from C:\WINDOWS\System32\shcore.dll
[0804/220303.616:ERROR:process_memory_win.cc(73)] ReadMemory at 0x7ff8bcc80000 of 64 bytes failed: Only part of a ReadProcessMemory or WriteProcessMemory request was completed. (0x12B)
[0804/220303.616:WARNING:pe_image_reader.cc(340)] could not read dos header from C:\WINDOWS\SYSTEM32\SSPICLI.DLL
[0804/220303.616:ERROR:process_memory_win.cc(73)] ReadMemory at 0x7ff8bc730000 of 64 bytes failed: Only part of a ReadProcessMemory or WriteProcessMemory request was completed. (0x12B)
[0804/220303.616:WARNING:pe_image_reader.cc(340)] could not read dos header from C:\WINDOWS\SYSTEM32\CRYPTBASE.DLL
[0804/220303.644:ERROR:process_memory_win.cc(73)] ReadMemory at 0xf132df3000 of 53248 bytes failed: Only part of a ReadProcessMemory or WriteProcessMemory request was completed. (0x12B)
[0804/220303.644:ERROR:process_memory_win.cc(73)] ReadMemory at 0xf1335fd000 of 12288 bytes failed: Only part of a ReadProcessMemory or WriteProcessMemory request was completed. (0x12B)
[0804/220303.644:ERROR:process_memory_win.cc(73)] ReadMemory at 0xf133dfc000 of 16384 bytes failed: Only part of a ReadProcessMemory or WriteProcessMemory request was completed. (0x12B)
[0804/220303.645:ERROR:process_memory_win.cc(73)] ReadMemory at 0xf1345fd000 of 12288 bytes failed: Only part of a ReadProcessMemory or WriteProcessMemory request was completed. (0x12B)
[0804/220303.645:ERROR:process_memory_win.cc(73)] ReadMemory at 0xf134dfb000 of 20480 bytes failed: Only part of a ReadProcessMemory or WriteProcessMemory request was completed. (0x12B)
[0804/220303.645:ERROR:process_memory_win.cc(73)] ReadMemory at 0xf1355fe000 of 8192 bytes failed: Only part of a ReadProcessMemory or WriteProcessMemory request was completed. (0x12B)
[0804/220303.645:ERROR:process_memory_win.cc(73)] ReadMemory at 0xf135dfd000 of 12288 bytes failed: Only part of a ReadProcessMemory or WriteProcessMemory request was completed. (0x12B)
[0804/220303.645:ERROR:process_memory_win.cc(73)] ReadMemory at 0xf1365fb000 of 20480 bytes failed: Only part of a ReadProcessMemory or WriteProcessMemory request was completed. (0x12B)
[0804/220303.645:ERROR:process_memory_win.cc(73)] ReadMemory at 0xf136dfd000 of 12288 bytes failed: Only part of a ReadProcessMemory or WriteProcessMemory request was completed. (0x12B)
[0804/220303.646:ERROR:process_memory_win.cc(73)] ReadMemory at 0xf1375fd000 of 12288 bytes failed: Only part of a ReadProcessMemory or WriteProcessMemory request was completed. (0x12B)
[0804/220303.647:ERROR:process_memory_win.cc(73)] ReadMemory at 0xf137dfd000 of 12288 bytes failed: Only part of a ReadProcessMemory or WriteProcessMemory request was completed. (0x12B)
[0804/220303.647:ERROR:process_memory_win.cc(73)] ReadMemory at 0xf1385fd000 of 12288 bytes failed: Only part of a ReadProcessMemory or WriteProcessMemory request was completed. (0x12B)
[0804/220303.647:ERROR:process_memory_win.cc(73)] ReadMemory at 0xf138dfd000 of 12288 bytes failed: Only part of a ReadProcessMemory or WriteProcessMemory request was completed. (0x12B)
[0804/220303.647:ERROR:process_memory_win.cc(73)] ReadMemory at 0xf1395fd000 of 12288 bytes failed: Only part of a ReadProcessMemory or WriteProcessMemory request was completed. (0x12B)
[0804/220303.647:ERROR:process_memory_win.cc(73)] ReadMemory at 0xf139dfd000 of 12288 bytes failed: Only part of a ReadProcessMemory or WriteProcessMemory request was completed. (0x12B)
[0804/220303.647:ERROR:process_memory_win.cc(73)] ReadMemory at 0xf13a5fd000 of 12288 bytes failed: Only part of a ReadProcessMemory or WriteProcessMemory request was completed. (0x12B)
[0804/220303.648:ERROR:process_memory_win.cc(73)] ReadMemory at 0xf13adfd000 of 12288 bytes failed: Only part of a ReadProcessMemory or WriteProcessMemory request was completed. (0x12B)
[0804/220303.649:ERROR:process_memory_win.cc(73)] ReadMemory at 0xf13256d000 of 852 bytes failed: Only part of a ReadProcessMemory or WriteProcessMemory request was completed. (0x12B)
[0804/220303.649:ERROR:process_memory_win.cc(73)] ReadMemory at 0xf13256e000 of 6024 bytes failed: Only part of a ReadProcessMemory or WriteProcessMemory request was completed. (0x12B)
[0804/220303.649:ERROR:process_memory_win.cc(73)] ReadMemory at 0xf132570000 of 6024 bytes failed: Only part of a ReadProcessMemory or WriteProcessMemory request was completed. (0x12B)
[0804/220303.649:ERROR:process_memory_win.cc(73)] ReadMemory at 0xf132572000 of 6024 bytes failed: Only part of a ReadProcessMemory or WriteProcessMemory request was completed. (0x12B)
[0804/220303.649:ERROR:process_memory_win.cc(73)] ReadMemory at 0xf132574000 of 6024 bytes failed: Only part of a ReadProcessMemory or WriteProcessMemory request was completed. (0x12B)
[0804/220303.649:ERROR:process_memory_win.cc(73)] ReadMemory at 0xf132576000 of 6024 bytes failed: Only part of a ReadProcessMemory or WriteProcessMemory request was completed. (0x12B)
[0804/220303.650:ERROR:process_memory_win.cc(73)] ReadMemory at 0xf132578000 of 6024 bytes failed: Only part of a ReadProcessMemory or WriteProcessMemory request was completed. (0x12B)
[0804/220303.650:ERROR:process_memory_win.cc(73)] ReadMemory at 0xf13257a000 of 6024 bytes failed: Only part of a ReadProcessMemory or WriteProcessMemory request was completed. (0x12B)
[0804/220303.650:ERROR:process_memory_win.cc(73)] ReadMemory at 0xf13257c000 of 6024 bytes failed: Only part of a ReadProcessMemory or WriteProcessMemory request was completed. (0x12B)
[0804/220303.650:ERROR:process_memory_win.cc(73)] ReadMemory at 0xf13257e000 of 6024 bytes failed: Only part of a ReadProcessMemory or WriteProcessMemory request was completed. (0x12B)
[0804/220303.651:ERROR:process_memory_win.cc(73)] ReadMemory at 0xf132580000 of 6024 bytes failed: Only part of a ReadProcessMemory or WriteProcessMemory request was completed. (0x12B)
[0804/220303.651:ERROR:process_memory_win.cc(73)] ReadMemory at 0xf132582000 of 6024 bytes failed: Only part of a ReadProcessMemory or WriteProcessMemory request was completed. (0x12B)
[0804/220303.651:ERROR:process_memory_win.cc(73)] ReadMemory at 0xf132584000 of 6024 bytes failed: Only part of a ReadProcessMemory or WriteProcessMemory request was completed. (0x12B)
[0804/220303.652:ERROR:process_memory_win.cc(73)] ReadMemory at 0xf132586000 of 6024 bytes failed: Only part of a ReadProcessMemory or WriteProcessMemory request was completed. (0x12B)
[0804/220303.652:ERROR:process_memory_win.cc(73)] ReadMemory at 0xf132588000 of 6024 bytes failed: Only part of a ReadProcessMemory or WriteProcessMemory request was completed. (0x12B)
[0804/220303.652:ERROR:process_memory_win.cc(73)] ReadMemory at 0xf13258a000 of 6024 bytes failed: Only part of a ReadProcessMemory or WriteProcessMemory request was completed. (0x12B)
[0804/220303.652:ERROR:process_memory_win.cc(73)] ReadMemory at 0xf13258c000 of 6024 bytes failed: Only part of a ReadProcessMemory or WriteProcessMemory request was completed. (0x12B)
[0804/220303.653:ERROR:process_memory_win.cc(73)] ReadMemory at 0xf13258e000 of 6024 bytes failed: Only part of a ReadProcessMemory or WriteProcessMemory request was completed. (0x12B)
[0804/220303.653:ERROR:process_memory_win.cc(73)] ReadMemory at 0x286f0980fe0 of 5962 bytes failed: Only part of a ReadProcessMemory or WriteProcessMemory request was completed. (0x12B)
[0804/220303.653:ERROR:process_memory_win.cc(73)] ReadMemory at 0x286f0982740 of 1012 bytes failed: Only part of a ReadProcessMemory or WriteProcessMemory request was completed. (0x12B)
[0804/220303.653:ERROR:process_memory_win.cc(73)] ReadMemory at 0x286f0982d68 of 118 bytes failed: Only part of a ReadProcessMemory or WriteProcessMemory request was completed. (0x12B)
[0804/220303.653:ERROR:process_memory_win.cc(73)] ReadMemory at 0x286f0982de0 of 748 bytes failed: Only part of a ReadProcessMemory or WriteProcessMemory request was completed. (0x12B)
[0804/220303.654:ERROR:process_memory_win.cc(73)] ReadMemory at 0x286f09830ce of 118 bytes failed: Only part of a ReadProcessMemory or WriteProcessMemory request was completed. (0x12B)
[0804/220303.654:ERROR:process_memory_win.cc(73)] ReadMemory at 0x286f0983146 of 96 bytes failed: Only part of a ReadProcessMemory or WriteProcessMemory request was completed. (0x12B)
[0804/220303.654:ERROR:process_memory_win.cc(73)] ReadMemory at 0x286f09831c0 of 58 bytes failed: Only part of a ReadProcessMemory or WriteProcessMemory request was completed. (0x12B)
[0804/220303.654:ERROR:process_memory_win.cc(73)] ReadMemory at 0x286f09832c0 of 132 bytes failed: Only part of a ReadProcessMemory or WriteProcessMemory request was completed. (0x12B)
[0804/220303.654:ERROR:process_memory_win.cc(73)] ReadMemory at 0x286f0983450 of 132 bytes failed: Only part of a ReadProcessMemory or WriteProcessMemory request was completed. (0x12B)
[0804/220303.655:ERROR:process_memory_win.cc(73)] ReadMemory at 0x286f0983610 of 126 bytes failed: Only part of a ReadProcessMemory or WriteProcessMemory request was completed. (0x12B)
[0804/220303.655:ERROR:process_memory_win.cc(73)] ReadMemory at 0x286f09839f0 of 132 bytes failed: Only part of a ReadProcessMemory or WriteProcessMemory request was completed. (0x12B)
[0804/220303.655:ERROR:process_memory_win.cc(73)] ReadMemory at 0x286f0983b80 of 64 bytes failed: Only part of a ReadProcessMemory or WriteProcessMemory request was completed. (0x12B)
[0804/220303.655:ERROR:process_memory_win.cc(73)] ReadMemory at 0x286f0983d40 of 132 bytes failed: Only part of a ReadProcessMemory or WriteProcessMemory request was completed. (0x12B)
[0804/220303.655:ERROR:process_memory_win.cc(73)] ReadMemory at 0x286f0983fe0 of 132 bytes failed: Only part of a ReadProcessMemory or WriteProcessMemory request was completed. (0x12B)
[0804/220303.656:ERROR:process_memory_win.cc(73)] ReadMemory at 0x286f0984170 of 68 bytes failed: Only part of a ReadProcessMemory or WriteProcessMemory request was completed. (0x12B)
[0804/220303.656:ERROR:process_memory_win.cc(73)] ReadMemory at 0x286f0985120 of 132 bytes failed: Only part of a ReadProcessMemory or WriteProcessMemory request was completed. (0x12B)
[0804/220303.656:ERROR:process_memory_win.cc(73)] ReadMemory at 0x286f09852b0 of 154 bytes failed: Only part of a ReadProcessMemory or WriteProcessMemory request was completed. (0x12B)
[0804/220303.656:ERROR:process_memory_win.cc(73)] ReadMemory at 0x286f0986100 of 60 bytes failed: Only part of a ReadProcessMemory or WriteProcessMemory request was completed. (0x12B)
[0804/220303.656:ERROR:process_memory_win.cc(73)] ReadMemory at 0x286f0986150 of 62 bytes failed: Only part of a ReadProcessMemory or WriteProcessMemory request was completed. (0x12B)
[0804/220303.657:ERROR:process_memory_win.cc(73)] ReadMemory at 0x286f09861a0 of 132 bytes failed: Only part of a ReadProcessMemory or WriteProcessMemory request was completed. (0x12B)
[0804/220303.658:ERROR:process_memory_win.cc(73)] ReadMemory at 0x286f0986340 of 132 bytes failed: Only part of a ReadProcessMemory or WriteProcessMemory request was completed. (0x12B)
[0804/220303.658:ERROR:process_memory_win.cc(73)] ReadMemory at 0x286f098b030 of 64 bytes failed: Only part of a ReadProcessMemory or WriteProcessMemory request was completed. (0x12B)
[0804/220303.658:ERROR:process_memory_win.cc(73)] ReadMemory at 0x286f098b1c0 of 62 bytes failed: Only part of a ReadProcessMemory or WriteProcessMemory request was completed. (0x12B)
[0804/220303.658:ERROR:process_memory_win.cc(73)] ReadMemory at 0x286f098b260 of 68 bytes failed: Only part of a ReadProcessMemory or WriteProcessMemory request was completed. (0x12B)
[0804/220303.658:ERROR:process_memory_win.cc(73)] ReadMemory at 0x286f098b300 of 60 bytes failed: Only part of a ReadProcessMemory or WriteProcessMemory request was completed. (0x12B)
[0804/220303.658:ERROR:process_memory_win.cc(73)] ReadMemory at 0x286f098c270 of 54 bytes failed: Only part of a ReadProcessMemory or WriteProcessMemory request was completed. (0x12B)
[0804/220303.658:ERROR:process_memory_win.cc(73)] ReadMemory at 0x286f09958e0 of 76 bytes failed: Only part of a ReadProcessMemory or WriteProcessMemory request was completed. (0x12B)
[0804/220303.658:ERROR:process_memory_win.cc(73)] ReadMemory at 0x286f09959a0 of 80 bytes failed: Only part of a ReadProcessMemory or WriteProcessMemory request was completed. (0x12B)
[0804/220303.658:ERROR:process_memory_win.cc(73)] ReadMemory at 0x286f0995b20 of 80 bytes failed: Only part of a ReadProcessMemory or WriteProcessMemory request was completed. (0x12B)
[0804/220303.659:ERROR:process_memory_win.cc(73)] ReadMemory at 0x286f0996490 of 132 bytes failed: Only part of a ReadProcessMemory or WriteProcessMemory request was completed. (0x12B)
[0804/220303.659:ERROR:process_memory_win.cc(73)] ReadMemory at 0x286f09966c0 of 146 bytes failed: Only part of a ReadProcessMemory or WriteProcessMemory request was completed. (0x12B)
[0804/220303.659:ERROR:process_memory_win.cc(73)] ReadMemory at 0x286f0996910 of 132 bytes failed: Only part of a ReadProcessMemory or WriteProcessMemory request was completed. (0x12B)
[0804/220303.659:ERROR:process_memory_win.cc(73)] ReadMemory at 0x286f0996a40 of 132 bytes failed: Only part of a ReadProcessMemory or WriteProcessMemory request was completed. (0x12B)
[0804/220303.660:ERROR:process_memory_win.cc(73)] ReadMemory at 0x286f0996d30 of 132 bytes failed: Only part of a ReadProcessMemory or WriteProcessMemory request was completed. (0x12B)
[0804/220303.660:ERROR:process_memory_win.cc(73)] ReadMemory at 0x286f0997820 of 132 bytes failed: Only part of a ReadProcessMemory or WriteProcessMemory request was completed. (0x12B)
[0804/220303.660:ERROR:process_memory_win.cc(73)] ReadMemory at 0x286f0997950 of 132 bytes failed: Only part of a ReadProcessMemory or WriteProcessMemory request was completed. (0x12B)
[0804/220303.660:ERROR:process_memory_win.cc(73)] ReadMemory at 0x286f0997bb0 of 132 bytes failed: Only part of a ReadProcessMemory or WriteProcessMemory request was completed. (0x12B)
[0804/220303.660:ERROR:process_memory_win.cc(73)] ReadMemory at 0x286f0997ce0 of 132 bytes failed: Only part of a ReadProcessMemory or WriteProcessMemory request was completed. (0x12B)
[0804/220303.661:ERROR:process_memory_win.cc(73)] ReadMemory at 0x286f0997e10 of 132 bytes failed: Only part of a ReadProcessMemory or WriteProcessMemory request was completed. (0x12B)
[0804/220303.661:ERROR:process_memory_win.cc(73)] ReadMemory at 0x286f0997f40 of 132 bytes failed: Only part of a ReadProcessMemory or WriteProcessMemory request was completed. (0x12B)
[0804/220303.661:ERROR:process_memory_win.cc(73)] ReadMemory at 0x286f0998070 of 132 bytes failed: Only part of a ReadProcessMemory or WriteProcessMemory request was completed. (0x12B)
[0804/220303.661:ERROR:process_memory_win.cc(73)] ReadMemory at 0x286f09981a0 of 132 bytes failed: Only part of a ReadProcessMemory or WriteProcessMemory request was completed. (0x12B)
[0804/220303.661:ERROR:process_memory_win.cc(73)] ReadMemory at 0x286f09982d0 of 132 bytes failed: Only part of a ReadProcessMemory or WriteProcessMemory request was completed. (0x12B)
[0804/220303.661:ERROR:process_memory_win.cc(73)] ReadMemory at 0x286f0998400 of 132 bytes failed: Only part of a ReadProcessMemory or WriteProcessMemory request was completed. (0x12B)
[0804/220303.662:ERROR:process_memory_win.cc(73)] ReadMemory at 0x286f0998530 of 132 bytes failed: Only part of a ReadProcessMemory or WriteProcessMemory request was completed. (0x12B)
[0804/220303.662:ERROR:process_memory_win.cc(73)] ReadMemory at 0x286f0998660 of 132 bytes failed: Only part of a ReadProcessMemory or WriteProcessMemory request was completed. (0x12B)
[0804/220303.662:ERROR:process_memory_win.cc(73)] ReadMemory at 0x286f099ade0 of 132 bytes failed: Only part of a ReadProcessMemory or WriteProcessMemory request was completed. (0x12B)
[0804/220303.662:ERROR:process_memory_win.cc(73)] ReadMemory at 0x286f099af10 of 132 bytes failed: Only part of a ReadProcessMemory or WriteProcessMemory request was completed. (0x12B)
[0804/220303.662:ERROR:process_memory_win.cc(73)] ReadMemory at 0x286f099bf30 of 60 bytes failed: Only part of a ReadProcessMemory or WriteProcessMemory request was completed. (0x12B)
[0804/220303.663:ERROR:process_memory_win.cc(73)] ReadMemory at 0x286f099bfd0 of 62 bytes failed: Only part of a ReadProcessMemory or WriteProcessMemory request was completed. (0x12B)
[0804/220303.663:ERROR:process_memory_win.cc(73)] ReadMemory at 0x286f099c020 of 64 bytes failed: Only part of a ReadProcessMemory or WriteProcessMemory request was completed. (0x12B)
[0804/220303.663:ERROR:process_memory_win.cc(73)] ReadMemory at 0x286f099c070 of 60 bytes failed: Only part of a ReadProcessMemory or WriteProcessMemory request was completed. (0x12B)
[0804/220303.663:ERROR:process_memory_win.cc(73)] ReadMemory at 0x286f099c110 of 62 bytes failed: Only part of a ReadProcessMemory or WriteProcessMemory request was completed. (0x12B)
[0804/220303.663:ERROR:process_memory_win.cc(73)] ReadMemory at 0x286f099c160 of 62 bytes failed: Only part of a ReadProcessMemory or WriteProcessMemory request was completed. (0x12B)
[0804/220303.664:ERROR:process_memory_win.cc(73)] ReadMemory at 0x286f099c1b0 of 60 bytes failed: Only part of a ReadProcessMemory or WriteProcessMemory request was completed. (0x12B)
[0804/220303.664:ERROR:process_memory_win.cc(73)] ReadMemory at 0x286f099c200 of 64 bytes failed: Only part of a ReadProcessMemory or WriteProcessMemory request was completed. (0x12B)
[0804/220303.664:ERROR:process_memory_win.cc(73)] ReadMemory at 0x286f099c2a0 of 68 bytes failed: Only part of a ReadProcessMemory or WriteProcessMemory request was completed. (0x12B)
[0804/220303.664:ERROR:process_memory_win.cc(73)] ReadMemory at 0x286f099c3e0 of 64 bytes failed: Only part of a ReadProcessMemory or WriteProcessMemory request was completed. (0x12B)
[0804/220303.664:ERROR:process_memory_win.cc(73)] ReadMemory at 0x286f099c480 of 60 bytes failed: Only part of a ReadProcessMemory or WriteProcessMemory request was completed. (0x12B)
[0804/220303.665:ERROR:process_memory_win.cc(73)] ReadMemory at 0x286f099c570 of 66 bytes failed: Only part of a ReadProcessMemory or WriteProcessMemory request was completed. (0x12B)
[0804/220303.665:ERROR:process_memory_win.cc(73)] ReadMemory at 0x286f099c610 of 62 bytes failed: Only part of a ReadProcessMemory or WriteProcessMemory request was completed. (0x12B)
[0804/220303.665:ERROR:process_memory_win.cc(73)] ReadMemory at 0x286f099c660 of 62 bytes failed: Only part of a ReadProcessMemory or WriteProcessMemory request was completed. (0x12B)
[0804/220303.665:ERROR:process_memory_win.cc(73)] ReadMemory at 0x286f099c700 of 64 bytes failed: Only part of a ReadProcessMemory or WriteProcessMemory request was completed. (0x12B)
[0804/220303.665:ERROR:process_memory_win.cc(73)] ReadMemory at 0x286f099c7f0 of 60 bytes failed: Only part of a ReadProcessMemory or WriteProcessMemory request was completed. (0x12B)
[0804/220303.666:ERROR:process_memory_win.cc(73)] ReadMemory at 0x286f099cac0 of 64 bytes failed: Only part of a ReadProcessMemory or WriteProcessMemory request was completed. (0x12B)
[0804/220303.666:ERROR:process_memory_win.cc(73)] ReadMemory at 0x286f099cb10 of 66 bytes failed: Only part of a ReadProcessMemory or WriteProcessMemory request was completed. (0x12B)
[0804/220303.666:ERROR:process_memory_win.cc(73)] ReadMemory at 0x286f099cb60 of 62 bytes failed: Only part of a ReadProcessMemory or WriteProcessMemory request was completed. (0x12B)
[0804/220303.667:ERROR:process_memory_win.cc(73)] ReadMemory at 0x286f099cbb0 of 64 bytes failed: Only part of a ReadProcessMemory or WriteProcessMemory request was completed. (0x12B)
[0804/220303.667:ERROR:process_memory_win.cc(73)] ReadMemory at 0x286f099cc00 of 58 bytes failed: Only part of a ReadProcessMemory or WriteProcessMemory request was completed. (0x12B)
[0804/220303.667:ERROR:process_memory_win.cc(73)] ReadMemory at 0x286f099cca0 of 62 bytes failed: Only part of a ReadProcessMemory or WriteProcessMemory request was completed. (0x12B)
[0804/220303.667:ERROR:process_memory_win.cc(73)] ReadMemory at 0x286f099cd40 of 64 bytes failed: Only part of a ReadProcessMemory or WriteProcessMemory request was completed. (0x12B)
[0804/220303.667:ERROR:process_memory_win.cc(73)] ReadMemory at 0x286f099cde0 of 62 bytes failed: Only part of a ReadProcessMemory or WriteProcessMemory request was completed. (0x12B)
[0804/220303.667:ERROR:process_memory_win.cc(73)] ReadMemory at 0x286f099ce80 of 62 bytes failed: Only part of a ReadProcessMemory or WriteProcessMemory request was completed. (0x12B)
[0804/220303.667:ERROR:process_memory_win.cc(73)] ReadMemory at 0x286f099dff0 of 132 bytes failed: Only part of a ReadProcessMemory or WriteProcessMemory request was completed. (0x12B)
[0804/220303.667:ERROR:process_memory_win.cc(73)] ReadMemory at 0x286f09a2e90 of 132 bytes failed: Only part of a ReadProcessMemory or WriteProcessMemory request was completed. (0x12B)
[0804/220303.668:ERROR:process_memory_win.cc(73)] ReadMemory at 0x286f09a3020 of 132 bytes failed: Only part of a ReadProcessMemory or WriteProcessMemory request was completed. (0x12B)
[0804/220303.669:ERROR:process_memory_win.cc(73)] ReadMemory at 0x286f09a3150 of 132 bytes failed: Only part of a ReadProcessMemory or WriteProcessMemory request was completed. (0x12B)
[0804/220303.669:ERROR:process_memory_win.cc(73)] ReadMemory at 0x286f09a3280 of 132 bytes failed: Only part of a ReadProcessMemory or WriteProcessMemory request was completed. (0x12B)
[0804/220303.669:ERROR:process_memory_win.cc(73)] ReadMemory at 0x286f09a3610 of 132 bytes failed: Only part of a ReadProcessMemory or WriteProcessMemory request was completed. (0x12B)
[0804/220303.669:ERROR:process_memory_win.cc(73)] ReadMemory at 0x286f09a3740 of 132 bytes failed: Only part of a ReadProcessMemory or WriteProcessMemory request was completed. (0x12B)
[0804/220303.669:ERROR:process_memory_win.cc(73)] ReadMemory at 0x286f09a39a0 of 132 bytes failed: Only part of a ReadProcessMemory or WriteProcessMemory request was completed. (0x12B)
[0804/220303.669:ERROR:process_memory_win.cc(73)] ReadMemory at 0x286f09a3c00 of 132 bytes failed: Only part of a ReadProcessMemory or WriteProcessMemory request was completed. (0x12B)
[0804/220303.669:ERROR:process_memory_win.cc(73)] ReadMemory at 0x286f09a3e60 of 132 bytes failed: Only part of a ReadProcessMemory or WriteProcessMemory request was completed. (0x12B)
[0804/220303.669:ERROR:process_memory_win.cc(73)] ReadMemory at 0x286f09a3f90 of 132 bytes failed: Only part of a ReadProcessMemory or WriteProcessMemory request was completed. (0x12B)
[0804/220303.670:ERROR:process_memory_win.cc(73)] ReadMemory at 0x286f09a41f0 of 132 bytes failed: Only part of a ReadProcessMemory or WriteProcessMemory request was completed. (0x12B)
[0804/220303.670:ERROR:process_memory_win.cc(73)] ReadMemory at 0x286f09a4450 of 132 bytes failed: Only part of a ReadProcessMemory or WriteProcessMemory request was completed. (0x12B)
[0804/220303.670:ERROR:process_memory_win.cc(73)] ReadMemory at 0x286f09a4a40 of 132 bytes failed: Only part of a ReadProcessMemory or WriteProcessMemory request was completed. (0x12B)
[0804/220303.670:ERROR:process_memory_win.cc(73)] ReadMemory at 0x286f09a4ca0 of 132 bytes failed: Only part of a ReadProcessMemory or WriteProcessMemory request was completed. (0x12B)
[0804/220303.670:ERROR:process_memory_win.cc(73)] ReadMemory at 0x286f09d69b0 of 512 bytes failed: Only part of a ReadProcessMemory or WriteProcessMemory request was completed. (0x12B)
[0804/220303.671:ERROR:process_memory_win.cc(73)] ReadMemory at 0x286f0a04bc0 of 512 bytes failed: Only part of a ReadProcessMemory or WriteProcessMemory request was completed. (0x12B)
[0804/220303.671:ERROR:process_memory_win.cc(73)] ReadMemory at 0x286f0a09e60 of 512 bytes failed: Only part of a ReadProcessMemory or WriteProcessMemory request was completed. (0x12B)
[0804/220303.671:ERROR:process_memory_win.cc(73)] ReadMemory at 0x286f0a10260 of 712 bytes failed: Only part of a ReadProcessMemory or WriteProcessMemory request was completed. (0x12B)
[0804/220303.671:ERROR:process_memory_win.cc(73)] ReadMemory at 0x286f0a4ca70 of 512 bytes failed: Only part of a ReadProcessMemory or WriteProcessMemory request was completed. (0x12B)
[0804/220303.671:ERROR:process_memory_win.cc(73)] ReadMemory at 0x286f0a71e40 of 512 bytes failed: Only part of a ReadProcessMemory or WriteProcessMemory request was completed. (0x12B)
[0804/220303.672:ERROR:process_memory_win.cc(73)] ReadMemory at 0x286f0a82200 of 512 bytes failed: Only part of a ReadProcessMemory or WriteProcessMemory request was completed. (0x12B)
[0804/220303.672:ERROR:process_memory_win.cc(73)] ReadMemory at 0x286f22e0000 of 384 bytes failed: Only part of a ReadProcessMemory or WriteProcessMemory request was completed. (0x12B)
[0804/220303.672:ERROR:process_memory_win.cc(73)] ReadMemory at 0x286f2330050 of 512 bytes failed: Only part of a ReadProcessMemory or WriteProcessMemory request was completed. (0x12B)
[0804/220303.672:ERROR:process_memory_win.cc(73)] ReadMemory at 0x286f2331af0 of 512 bytes failed: Only part of a ReadProcessMemory or WriteProcessMemory request was completed. (0x12B)
[0804/220303.672:ERROR:process_memory_win.cc(73)] ReadMemory at 0x265336e8cc08 of 512 bytes failed: Only part of a ReadProcessMemory or WriteProcessMemory request was completed. (0x12B)
[0804/220303.673:ERROR:process_memory_win.cc(73)] ReadMemory at 0x7ff86c5c979c of 512 bytes failed: Only part of a ReadProcessMemory or WriteProcessMemory request was completed. (0x12B)
[0804/220303.673:ERROR:process_memory_win.cc(73)] ReadMemory at 0x7ff86d56e6f1 of 512 bytes failed: Only part of a ReadProcessMemory or WriteProcessMemory request was completed. (0x12B)
[0804/220303.673:ERROR:process_memory_win.cc(73)] ReadMemory at 0x7ff8718a8f78 of 512 bytes failed: Only part of a ReadProcessMemory or WriteProcessMemory request was completed. (0x12B)
[0804/220303.673:ERROR:process_memory_win.cc(73)] ReadMemory at 0x7ff8c0dcff10 of 512 bytes failed: Only part of a ReadProcessMemory or WriteProcessMemory request was completed. (0x12B)
[0804/220303.673:ERROR:process_memory_win.cc(73)] ReadMemory at 0x7ff8c0e1f764 of 672 bytes failed: Only part of a ReadProcessMemory or WriteProcessMemory request was completed. (0x12B)
[0804/220303.674:ERROR:process_memory_win.cc(73)] ReadMemory at 0x7ff8c0e1fd64 of 512 bytes failed: Only part of a ReadProcessMemory or WriteProcessMemory request was completed. (0x12B)
[0804/220303.674:ERROR:process_memory_win.cc(73)] ReadMemory at 0x7ff8c0e22ff4 of 608 bytes failed: Only part of a ReadProcessMemory or WriteProcessMemory request was completed. (0x12B)
[0804/220303.674:ERROR:process_memory_win.cc(73)] ReadMemory at 0x7ff8c0eac0c8 of 18 bytes failed: Only part of a ReadProcessMemory or WriteProcessMemory request was completed. (0x12B)
[0804/220303.674:ERROR:process_memory_win.cc(73)] ReadMemory at 0x7ff8c0edf4f8 of 40 bytes failed: Only part of a ReadProcessMemory or WriteProcessMemory request was completed. (0x12B)
[0804/220303.674:ERROR:process_memory_win.cc(73)] ReadMemory at 0x7ff8c0edf978 of 48 bytes failed: Only part of a ReadProcessMemory or WriteProcessMemory request was completed. (0x12B)
[0804/220303.675:ERROR:process_memory_win.cc(73)] ReadMemory at 0x7ff8c0ee53c0 of 64 bytes failed: Only part of a ReadProcessMemory or WriteProcessMemory request was completed. (0x12B)
[0804/220303.680:ERROR:scoped_process_suspend.cc(40)] NtResumeProcess: An attempt was made to access an exiting process. (0xc000010a)
